[144468:0312/222050.778:INFO:CONSOLE:2] "Error: Input file has corrupt header: pngload: end of stream", source: file:///C:/Users/alero/Documents/Work/iracing-screenshot-tool/build/win-unpacked/resources/app.asar/dist/renderer.js (2)
[144468:0312/222050.783:INFO:CONSOLE:2] "Error: Input file has corrupt header: pngload: end of stream", source: file:///C:/Users/alero/Documents/Work/iracing-screenshot-tool/build/win-unpacked/resources/app.asar/dist/renderer.js (2)
[144468:0312/222050.787:INFO:CONSOLE:2] "Error: Input file has corrupt header: pngload: end of stream", source: file:///C:/Users/alero/Documents/Work/iracing-screenshot-tool/build/win-unpacked/resources/app.asar/dist/renderer.js (2)
[144468:0312/222050.791:INFO:CONSOLE:2] "Error: Input file has corrupt header: pngload: end of stream", source: file:///C:/Users/alero/Documents/Work/iracing-screenshot-tool/build/win-unpacked/resources/app.asar/dist/renderer.js (2)
[144468:0312/222050.802:INFO:CONSOLE:2] "Error: Input file has corrupt header: pngload: end of stream", source: file:///C:/Users/alero/Documents/Work/iracing-screenshot-tool/build/win-unpacked/resources/app.asar/dist/renderer.js (2)
[144468:0312/222050.822:INFO:CONSOLE:2] "Error: Input file has corrupt header: pngload: end of stream", source: file:///C:/Users/alero/Documents/Work/iracing-screenshot-tool/build/win-unpacked/resources/app.asar/dist/renderer.js (2)
[144468:0312/222050.829:INFO:CONSOLE:2] "Error: Input file has corrupt header: pngload: end of stream", source: file:///C:/Users/alero/Documents/Work/iracing-screenshot-tool/build/win-unpacked/resources/app.asar/dist/renderer.js (2)
[144468:0312/222051.152:INFO:CONSOLE:2] "Error: Input file has corrupt header: pngload: end of stream", source: file:///C:/Users/alero/Documents/Work/iracing-screenshot-tool/build/win-unpacked/resources/app.asar/dist/renderer.js (2)
[144468:0312/222052.076:INFO:CONSOLE:2] "Error: Input file has corrupt header: pngload: end of stream", source: file:///C:/Users/alero/Documents/Work/iracing-screenshot-tool/build/win-unpacked/resources/app.asar/dist/renderer.js (2)
[144468:0312/222053.437:INFO:CONSOLE:2] "Error: Input file has corrupt header: pngload: end of stream", source: file:///C:/Users/alero/Documents/Work/iracing-screenshot-tool/build/win-unpacked/resources/app.asar/dist/renderer.js (2)
[144468:0312/222055.052:INFO:CONSOLE:2] "Error: Input file has corrupt header: pngload: end of stream", source: file:///C:/Users/alero/Documents/Work/iracing-screenshot-tool/build/win-unpacked/resources/app.asar/dist/renderer.js (2)
[144468:0312/222055.872:INFO:CONSOLE:2] "Error: Input file has corrupt header: pngload: end of stream", source: file:///C:/Users/alero/Documents/Work/iracing-screenshot-tool/build/win-unpacked/resources/app.asar/dist/renderer.js (2)
[144468:0312/222056.028:INFO:CONSOLE:2] "Error: Input file has corrupt header: pngload: end of stream", source: file:///C:/Users/alero/Documents/Work/iracing-screenshot-tool/build/win-unpacked/resources/app.asar/dist/renderer.js (2)
[144468:0312/222056.029:INFO:CONSOLE:2] "Error: Input file has corrupt header: pngload: end of stream", source: file:///C:/Users/alero/Documents/Work/iracing-screenshot-tool/build/win-unpacked/resources/app.asar/dist/renderer.js (2)
[144468:0312/222056.095:INFO:CONSOLE:2] "Error: Input file has corrupt header: pngload: end of stream", source: file:///C:/Users/alero/Documents/Work/iracing-screenshot-tool/build/win-unpacked/resources/app.asar/dist/renderer.js (2)
[144468:0312/222056.127:INFO:CONSOLE:2] "Error: Input file has corrupt header: pngload: end of stream", source: file:///C:/Users/alero/Documents/Work/iracing-screenshot-tool/build/win-unpacked/resources/app.asar/dist/renderer.js (2)
[144468:0312/222056.565:INFO:CONSOLE:2] "Error: Input file has corrupt header: pngload: end of stream", source: file:///C:/Users/alero/Documents/Work/iracing-screenshot-tool/build/win-unpacked/resources/app.asar/dist/renderer.js (2)
[144468:0312/222059.287:INFO:CONSOLE:2] "Screenshot - 1920x1080 Crop - false", source: file:///C:/Users/alero/Documents/Work/iracing-screenshot-tool/build/win-unpacked/resources/app.asar/dist/renderer.js (2)
[144468:0312/222059.349:INFO:CONSOLE:2] "Error: Input file has corrupt header: pngload: end of stream", source: file:///C:/Users/alero/Documents/Work/iracing-screenshot-tool/build/win-unpacked/resources/app.asar/dist/renderer.js (2)
[144468:0312/222100.559:WARNING:third_party\webrtc\modules\desktop_capture\win\dxgi_adapter_duplicator.cc:116] Cannot initialize any DxgiOutputDuplicator instance.
[144468:0312/222100.559:WARNING:third_party\webrtc\modules\desktop_capture\win\dxgi_duplicator_controller.cc:286] Failed to initialize DxgiAdapterDuplicator on adapter 1
[144468:0312/222100.560:WARNING:third_party\webrtc\modules\desktop_capture\win\dxgi_adapter_duplicator.cc:116] Cannot initialize any DxgiOutputDuplicator instance.
[144468:0312/222100.560:WARNING:third_party\webrtc\modules\desktop_capture\win\dxgi_duplicator_controller.cc:286] Failed to initialize DxgiAdapterDuplicator on adapter 2
[144468:0312/222100.560:WARNING:third_party\webrtc\modules\desktop_capture\win\dxgi_adapter_duplicator.cc:116] Cannot initialize any DxgiOutputDuplicator instance.
[144468:0312/222100.560:WARNING:third_party\webrtc\modules\desktop_capture\win\dxgi_duplicator_controller.cc:286] Failed to initialize DxgiAdapterDuplicator on adapter 3
[144468:0312/222100.586:WARNING:third_party\webrtc\modules\desktop_capture\win\dxgi_duplicator_controller.cc:106] Count of references reaches zero, DxgiDuplicatorController will be unloaded.
[144468:0312/222100.810:INFO:CONSOLE:2] "Using capture source window:925396:0", source: file:///C:/Users/alero/Documents/Work/iracing-screenshot-tool/build/win-unpacked/resources/app.asar/dist/renderer.js (2)
[144468:0312/222100.960:INFO:CONSOLE:2] "Get Media: 693.9560546875 ms", source: file:///C:/Users/alero/Documents/Work/iracing-screenshot-tool/build/win-unpacked/resources/app.asar/dist/renderer.js (2)
[144468:0312/222106.724:INFO:CONSOLE:2] "Create OffscreenCanvas: 1.211181640625 ms", source: file:///C:/Users/alero/Documents/Work/iracing-screenshot-tool/build/win-unpacked/resources/app.asar/dist/renderer.js (2)
[144468:0312/222106.743:INFO:CONSOLE:2] "To Blob: 119.541015625 ms", source: file:///C:/Users/alero/Documents/Work/iracing-screenshot-tool/build/win-unpacked/resources/app.asar/dist/renderer.js (2)
[144468:0312/222106.746:INFO:CONSOLE:2] "Draw Image: 859.953857421875 ms", source: file:///C:/Users/alero/Documents/Work/iracing-screenshot-tool/build/win-unpacked/resources/app.asar/dist/renderer.js (2)
[144468:0312/222106.785:INFO:CONSOLE:2] "Save Image to file: 17.886962890625 ms", source: file:///C:/Users/alero/Documents/Work/iracing-screenshot-tool/build/win-unpacked/resources/app.asar/dist/renderer.js (2)
[144468:0312/222106.939:INFO:CONSOLE:2] "Save Thumbnail: 156.026123046875 ms", source: file:///C:/Users/alero/Documents/Work/iracing-screenshot-tool/build/win-unpacked/resources/app.asar/dist/renderer.js (2)
[144468:0312/222106.944:INFO:CONSOLE:2] "Save Image: 5818.27392578125 ms", source: file:///C:/Users/alero/Documents/Work/iracing-screenshot-tool/build/win-unpacked/resources/app.asar/dist/renderer.js (2)
[144468:0312/222106.945:INFO:CONSOLE:2] "Screenshot: 7679.3740234375 ms", source: file:///C:/Users/alero/Documents/Work/iracing-screenshot-tool/build/win-unpacked/resources/app.asar/dist/renderer.js (2)
[144468:0312/222111.100:INFO:CONSOLE:2] "(electron) Accessing 'clipboard.writeImage' from the renderer process is
     deprecated and will be removed. Please use the 'contextBridge' API to access
     the clipboard API from the renderer.", source: node:electron/js2c/renderer_init (2)
[144468:0312/222111.268:INFO:CONSOLE:0] "Uncaught (in promise) WrongDocumentError: The root document of this element is not valid for pointer lock.", source: file:///C:/Users/alero/Documents/Work/iracing-screenshot-tool/build/win-unpacked/resources/app.asar/dist/index.html#/home (0)
[144468:0312/222111.268:INFO:CONSOLE:2] "Error: Input file has corrupt header: pngload: end of stream", source: file:///C:/Users/alero/Documents/Work/iracing-screenshot-tool/build/win-unpacked/resources/app.asar/dist/renderer.js (2)
[144468:0312/222113.268:INFO:CONSOLE:2] "Error: Input file has corrupt header: pngload: end of stream", source: file:///C:/Users/alero/Documents/Work/iracing-screenshot-tool/build/win-unpacked/resources/app.asar/dist/renderer.js (2)
[144468:0312/222114.210:INFO:CONSOLE:2] "Error: Input file has corrupt header: pngload: end of stream", source: file:///C:/Users/alero/Documents/Work/iracing-screenshot-tool/build/win-unpacked/resources/app.asar/dist/renderer.js (2)
